#
# A fatal error has been detected by the Java Runtime Environment:
#
#  Internal Error (javaClasses.cpp:136), pid=5360, tid=8548
#  fatal error: Invalid layout of preloaded class
#
# JRE version:  (7.0_55-b13) (build )
# Java VM: Java HotSpot(TM) 64-Bit Server VM (24.55-b03 mixed mode windows-amd64 compressed oops)
# Failed to write core dump. Minidumps are not enabled by default on client versions of Windows
#
# If you would like to submit a bug report, please visit:
#   http://bugreport.sun.com/bugreport/crash.jsp
#

---------------  T H R E A D  ---------------

Current thread (0x000000000283e000):  JavaThread "Unknown thread" [_thread_in_vm, id=8548, stack(0x0000000002a40000,0x0000000002b40000)]

Stack: [0x0000000002a40000,0x0000000002b40000]

---------------  P R O C E S S  ---------------

Java Threads: ( => current thread )

Other Threads:

=>0x000000000283e000 (exited) JavaThread "Unknown thread" [_thread_in_vm, id=8548, stack(0x0000000002a40000,0x0000000002b40000)]

VM state:not at safepoint (not fully initialized)

VM Mutex/Monitor currently owned by a thread: None

GC Heap History (0 events):
No events

Deoptimization events (0 events):
No events

Internal exceptions (0 events):
No events

Events (10 events):
Event: 0.033 loading class 0x000000000ffe0760 done
Event: 0.034 loading class 0x000000000ffe0180 done
Event: 0.034 loading class 0x000000000ffe0160
Event: 0.034 loading class 0x000000000ffe8260
Event: 0.034 loading class 0x000000000ffe8260 done
Event: 0.034 loading class 0x000000000ffe8290
Event: 0.034 loading class 0x000000000ffe8290 done
Event: 0.034 loading class 0x000000000ffe82c0
Event: 0.034 loading class 0x000000000ffe82c0 done
Event: 0.034 loading class 0x000000000ffe0160 done


Dynamic libraries:
0x000000013fd30000 - 0x000000013fd63000 	C:\Program Files\Java\jre7\bin\javaw.exe
0x0000000077bc0000 - 0x0000000077d69000 	C:\Windows\SYSTEM32\ntdll.dll
0x0000000077aa0000 - 0x0000000077bbf000 	C:\Windows\system32\kernel32.dll
0x000007fefdc80000 - 0x000007fefdcec000 	C:\Windows\system32\KERNELBASE.dll
0x000007feff520000 - 0x000007feff5fb000 	C:\Windows\system32\ADVAPI32.dll
0x000007fefe070000 - 0x000007fefe10f000 	C:\Windows\system32\msvcrt.dll
0x000007feff740000 - 0x000007feff75f000 	C:\Windows\SYSTEM32\sechost.dll
0x000007fefdd90000 - 0x000007fefdebd000 	C:\Windows\system32\RPCRT4.dll
0x00000000779a0000 - 0x0000000077a9a000 	C:\Windows\system32\USER32.dll
0x000007feffe60000 - 0x000007feffec7000 	C:\Windows\system32\GDI32.dll
0x000007feff130000 - 0x000007feff13e000 	C:\Windows\system32\LPK.dll
0x000007feff320000 - 0x000007feff3e9000 	C:\Windows\system32\USP10.dll
0x000007fefc410000 - 0x000007fefc604000 	C:\Windows\WinSxS\amd64_microsoft.windows.common-controls_6595b64144ccf1df_6.0.7601.17514_none_fa396087175ac9ac\COMCTL32.dll
0x000007fefeea0000 - 0x000007fefef11000 	C:\Windows\system32\SHLWAPI.dll
0x000007fefe040000 - 0x000007fefe06e000 	C:\Windows\system32\IMM32.DLL
0x000007feff860000 - 0x000007feff969000 	C:\Windows\system32\MSCTF.dll
0x0000000180000000 - 0x0000000180075000 	C:\Windows\system32\guard64.dll
0x0000000077d90000 - 0x0000000077d97000 	C:\Windows\system32\PSAPI.DLL
0x000007fefd750000 - 0x000007fefd75c000 	C:\Windows\system32\VERSION.dll
0x000007fefd740000 - 0x000007fefd749000 	C:\Windows\system32\fltlib.dll
0x0000000060fc0000 - 0x0000000061092000 	C:\Program Files\Java\jre7\bin\msvcr100.dll
0x00000000607f0000 - 0x0000000060fb9000 	C:\Program Files\Java\jre7\bin\server\jvm.dll
0x000007fefaf90000 - 0x000007fefaf99000 	C:\Windows\system32\WSOCK32.dll
0x000007feff3f0000 - 0x000007feff43d000 	C:\Windows\system32\WS2_32.dll
0x000007fefe030000 - 0x000007fefe038000 	C:\Windows\system32\NSI.dll
0x000007fefbe90000 - 0x000007fefbecb000 	C:\Windows\system32\WINMM.dll
0x00000000727d0000 - 0x00000000727df000 	C:\Program Files\Java\jre7\bin\verify.dll
0x000000006f030000 - 0x000000006f058000 	C:\Program Files\Java\jre7\bin\java.dll
0x0000000072770000 - 0x0000000072785000 	C:\Program Files\Java\jre7\bin\zip.dll

VM Arguments:
jvm_args: -Dfile.encoding=Cp1252 -Xbootclasspath:C:\Users\Connor\eclipse\features\adt-bundle-windows-x86_64-20140702\sdk\platforms\android-18\android.jar 
java_command: com.example.temperaturehw.TestTemp 100
Launcher Type: SUN_STANDARD

Environment Variables:
CLASSPATH=.;C:\Program Files (x86)\Java\jre7\lib\ext\QTJava.zip
PATH=C:\Program Files (x86)\NVIDIA Corporation\PhysX\Common;C:\Program Files\Common Files\Microsoft Shared\Windows Live;C:\Program Files (x86)\Common Files\Microsoft Shared\Windows Live;C:\Program Files (x86)\Intel\iCLS Client\;C:\Program Files\Intel\iCLS Client\;C:\Windows\system32;C:\Windows;C:\Windows\System32\Wbem;C:\Windows\System32\WindowsPowerShell\v1.0\;C:\Program Files (x86)\Windows Live\Shared;C:\Program Files\Intel\Intel(R) Management Engine Components\DAL;C:\Program Files\Intel\Intel(R) Management Engine Components\IPT;C:\Program Files (x86)\Intel\Intel(R) Management Engine Components\DAL;C:\Program Files (x86)\Intel\Intel(R) Management Engine Components\IPT;C:\Program Files (x86)\EgisTec BioExcess\x64;C:\Program Files (x86)\EgisTec BioExcess\;C:\Program Files\Intel\WiFi\bin\;C:\Program Files\Common Files\Intel\WirelessCommon\;C:\Program Files (x86)\QuickTime\QTSystem\;C:\Program Files\Microsoft\Web Platform Installer\
USERNAME=Connor
OS=Windows_NT
PROCESSOR_IDENTIFIER=Intel64 Family 6 Model 58 Stepping 9, GenuineIntel



---------------  S Y S T E M  ---------------

OS: Windows 7 , 64 bit Build 7601 Service Pack 1

CPU:total 8 (4 cores per cpu, 2 threads per core) family 6 model 58 stepping 9, cmov, cx8, fxsr, mmx, sse, sse2, sse3, ssse3, sse4.1, sse4.2, popcnt, avx, aes, erms, ht, tsc, tscinvbit, tscinv

Memory: 4k page, physical 16746864k(11805216k free), swap 33491864k(27386752k free)

vm_info: Java HotSpot(TM) 64-Bit Server VM (24.55-b03) for windows-amd64 JRE (1.7.0_55-b13), built on Mar 17 2014 19:45:30 by "java_re" with unknown MS VC++:1600

time: Mon Oct 06 13:46:38 2014
elapsed time: 0 seconds

